{"/Users/bvellek/Desktop/projects/lumen-spot-app/public/js/actions/index.js": {"path":"/Users/bvellek/Desktop/projects/lumen-spot-app/public/js/actions/index.js","statementMap":{"0":{"start":{"line":5,"column":42},"end":{"line":5,"column":70}},"1":{"start":{"line":6,"column":39},"end":{"line":8,"column":2}},"2":{"start":{"line":6,"column":46},"end":{"line":8,"column":1}},"3":{"start":{"line":12,"column":45},"end":{"line":12,"column":76}},"4":{"start":{"line":13,"column":42},"end":{"line":16,"column":2}},"5":{"start":{"line":13,"column":55},"end":{"line":16,"column":1}},"6":{"start":{"line":18,"column":43},"end":{"line":18,"column":72}},"7":{"start":{"line":19,"column":40},"end":{"line":22,"column":2}},"8":{"start":{"line":19,"column":52},"end":{"line":22,"column":1}},"9":{"start":{"line":24,"column":35},"end":{"line":59,"column":1}},"10":{"start":{"line":24,"column":50},"end":{"line":59,"column":1}},"11":{"start":{"line":25,"column":2},"end":{"line":25,"column":38}},"12":{"start":{"line":26,"column":18},"end":{"line":26,"column":29}},"13":{"start":{"line":27,"column":2},"end":{"line":58,"column":5}},"14":{"start":{"line":28,"column":21},"end":{"line":28,"column":47}},"15":{"start":{"line":29,"column":4},"end":{"line":39,"column":7}},"16":{"start":{"line":30,"column":8},"end":{"line":38,"column":9}},"17":{"start":{"line":31,"column":22},"end":{"line":31,"column":56}},"18":{"start":{"line":32,"column":23},"end":{"line":32,"column":57}},"19":{"start":{"line":33,"column":25},"end":{"line":33,"column":41}},"20":{"start":{"line":34,"column":10},"end":{"line":34,"column":22}},"21":{"start":{"line":36,"column":24},"end":{"line":36,"column":68}},"22":{"start":{"line":37,"column":10},"end":{"line":37,"column":21}},"23":{"start":{"line":41,"column":4},"end":{"line":43,"column":6}},"24":{"start":{"line":44,"column":4},"end":{"line":46,"column":6}},"25":{"start":{"line":47,"column":4},"end":{"line":49,"column":6}},"26":{"start":{"line":50,"column":4},"end":{"line":52,"column":6}},"27":{"start":{"line":53,"column":4},"end":{"line":53,"column":18}},"28":{"start":{"line":55,"column":4},"end":{"line":57,"column":5}},"29":{"start":{"line":63,"column":44},"end":{"line":63,"column":74}},"30":{"start":{"line":64,"column":41},"end":{"line":67,"column":2}},"31":{"start":{"line":64,"column":54},"end":{"line":67,"column":1}},"32":{"start":{"line":69,"column":42},"end":{"line":69,"column":70}},"33":{"start":{"line":70,"column":39},"end":{"line":73,"column":2}},"34":{"start":{"line":70,"column":51},"end":{"line":73,"column":1}},"35":{"start":{"line":75,"column":34},"end":{"line":111,"column":1}},"36":{"start":{"line":75,"column":40},"end":{"line":111,"column":1}},"37":{"start":{"line":76,"column":2},"end":{"line":76,"column":38}},"38":{"start":{"line":77,"column":26},"end":{"line":79,"column":3}},"39":{"start":{"line":80,"column":2},"end":{"line":110,"column":5}},"40":{"start":{"line":82,"column":18},"end":{"line":82,"column":42}},"41":{"start":{"line":83,"column":19},"end":{"line":83,"column":44}},"42":{"start":{"line":84,"column":21},"end":{"line":84,"column":37}},"43":{"start":{"line":85,"column":6},"end":{"line":85,"column":18}},"44":{"start":{"line":88,"column":6},"end":{"line":88,"column":56}},"45":{"start":{"line":89,"column":6},"end":{"line":89,"column":15}},"46":{"start":{"line":91,"column":4},"end":{"line":91,"column":78}},"47":{"start":{"line":93,"column":4},"end":{"line":95,"column":6}},"48":{"start":{"line":96,"column":4},"end":{"line":98,"column":6}},"49":{"start":{"line":99,"column":4},"end":{"line":101,"column":6}},"50":{"start":{"line":102,"column":4},"end":{"line":104,"column":6}},"51":{"start":{"line":105,"column":4},"end":{"line":105,"column":18}},"52":{"start":{"line":107,"column":4},"end":{"line":109,"column":5}},"53":{"start":{"line":115,"column":39},"end":{"line":115,"column":64}},"54":{"start":{"line":116,"column":36},"end":{"line":119,"column":2}},"55":{"start":{"line":116,"column":50},"end":{"line":119,"column":1}},"56":{"start":{"line":121,"column":37},"end":{"line":121,"column":60}},"57":{"start":{"line":122,"column":34},"end":{"line":125,"column":2}},"58":{"start":{"line":122,"column":46},"end":{"line":125,"column":1}},"59":{"start":{"line":127,"column":29},"end":{"line":156,"column":1}},"60":{"start":{"line":127,"column":39},"end":{"line":156,"column":1}},"61":{"start":{"line":128,"column":14},"end":{"line":128,"column":57}},"62":{"start":{"line":129,"column":22},"end":{"line":129,"column":28}},"63":{"start":{"line":130,"column":2},"end":{"line":155,"column":5}},"64":{"start":{"line":138,"column":4},"end":{"line":142,"column":5}},"65":{"start":{"line":139,"column":20},"end":{"line":139,"column":50}},"66":{"start":{"line":140,"column":6},"end":{"line":140,"column":32}},"67":{"start":{"line":141,"column":6},"end":{"line":141,"column":18}},"68":{"start":{"line":143,"column":4},"end":{"line":143,"column":27}},"69":{"start":{"line":145,"column":4},"end":{"line":145,"column":12}},"70":{"start":{"line":147,"column":4},"end":{"line":149,"column":5}},"71":{"start":{"line":152,"column":4},"end":{"line":154,"column":5}},"72":{"start":{"line":160,"column":37},"end":{"line":160,"column":60}},"73":{"start":{"line":161,"column":35},"end":{"line":164,"column":2}},"74":{"start":{"line":161,"column":49},"end":{"line":164,"column":1}},"75":{"start":{"line":166,"column":35},"end":{"line":166,"column":56}},"76":{"start":{"line":167,"column":33},"end":{"line":170,"column":2}},"77":{"start":{"line":167,"column":45},"end":{"line":170,"column":1}},"78":{"start":{"line":172,"column":28},"end":{"line":195,"column":1}},"79":{"start":{"line":172,"column":38},"end":{"line":195,"column":1}},"80":{"start":{"line":173,"column":14},"end":{"line":173,"column":93}},"81":{"start":{"line":174,"column":2},"end":{"line":194,"column":5}},"82":{"start":{"line":177,"column":4},"end":{"line":181,"column":5}},"83":{"start":{"line":178,"column":20},"end":{"line":178,"column":50}},"84":{"start":{"line":179,"column":6},"end":{"line":179,"column":32}},"85":{"start":{"line":180,"column":6},"end":{"line":180,"column":18}},"86":{"start":{"line":182,"column":4},"end":{"line":182,"column":20}},"87":{"start":{"line":184,"column":4},"end":{"line":184,"column":19}},"88":{"start":{"line":186,"column":4},"end":{"line":188,"column":5}},"89":{"start":{"line":191,"column":4},"end":{"line":193,"column":5}},"90":{"start":{"line":199,"column":41},"end":{"line":199,"column":68}},"91":{"start":{"line":200,"column":39},"end":{"line":203,"column":2}},"92":{"start":{"line":200,"column":57},"end":{"line":203,"column":1}},"93":{"start":{"line":205,"column":39},"end":{"line":205,"column":64}},"94":{"start":{"line":206,"column":37},"end":{"line":209,"column":2}},"95":{"start":{"line":206,"column":49},"end":{"line":209,"column":1}},"96":{"start":{"line":211,"column":32},"end":{"line":235,"column":1}},"97":{"start":{"line":211,"column":42},"end":{"line":235,"column":1}},"98":{"start":{"line":212,"column":14},"end":{"line":213,"column":1}},"99":{"start":{"line":214,"column":2},"end":{"line":234,"column":5}},"100":{"start":{"line":217,"column":4},"end":{"line":221,"column":5}},"101":{"start":{"line":218,"column":20},"end":{"line":218,"column":50}},"102":{"start":{"line":219,"column":6},"end":{"line":219,"column":32}},"103":{"start":{"line":220,"column":6},"end":{"line":220,"column":18}},"104":{"start":{"line":222,"column":4},"end":{"line":222,"column":20}},"105":{"start":{"line":224,"column":4},"end":{"line":224,"column":19}},"106":{"start":{"line":226,"column":4},"end":{"line":228,"column":5}},"107":{"start":{"line":231,"column":4},"end":{"line":233,"column":5}}},"fnMap":{"0":{"name":"(anonymous_0)","decl":{"start":{"line":6,"column":39},"end":{"line":6,"column":40}},"loc":{"start":{"line":6,"column":46},"end":{"line":8,"column":1}}},"1":{"name":"(anonymous_1)","decl":{"start":{"line":13,"column":42},"end":{"line":13,"column":43}},"loc":{"start":{"line":13,"column":55},"end":{"line":16,"column":1}}},"2":{"name":"(anonymous_2)","decl":{"start":{"line":19,"column":40},"end":{"line":19,"column":41}},"loc":{"start":{"line":19,"column":52},"end":{"line":22,"column":1}}},"3":{"name":"(anonymous_3)","decl":{"start":{"line":24,"column":35},"end":{"line":24,"column":36}},"loc":{"start":{"line":24,"column":50},"end":{"line":59,"column":1}}},"4":{"name":"(anonymous_4)","decl":{"start":{"line":24,"column":50},"end":{"line":24,"column":51}},"loc":{"start":{"line":24,"column":62},"end":{"line":59,"column":1}}},"5":{"name":"(anonymous_5)","decl":{"start":{"line":27,"column":21},"end":{"line":27,"column":22}},"loc":{"start":{"line":27,"column":35},"end":{"line":40,"column":3}}},"6":{"name":"(anonymous_6)","decl":{"start":{"line":29,"column":34},"end":{"line":29,"column":35}},"loc":{"start":{"line":29,"column":55},"end":{"line":39,"column":5}}},"7":{"name":"(anonymous_7)","decl":{"start":{"line":40,"column":10},"end":{"line":40,"column":11}},"loc":{"start":{"line":40,"column":22},"end":{"line":54,"column":3}}},"8":{"name":"(anonymous_8)","decl":{"start":{"line":54,"column":11},"end":{"line":54,"column":12}},"loc":{"start":{"line":55,"column":4},"end":{"line":57,"column":5}}},"9":{"name":"(anonymous_9)","decl":{"start":{"line":64,"column":41},"end":{"line":64,"column":42}},"loc":{"start":{"line":64,"column":54},"end":{"line":67,"column":1}}},"10":{"name":"(anonymous_10)","decl":{"start":{"line":70,"column":39},"end":{"line":70,"column":40}},"loc":{"start":{"line":70,"column":51},"end":{"line":73,"column":1}}},"11":{"name":"(anonymous_11)","decl":{"start":{"line":75,"column":34},"end":{"line":75,"column":35}},"loc":{"start":{"line":75,"column":40},"end":{"line":111,"column":1}}},"12":{"name":"(anonymous_12)","decl":{"start":{"line":75,"column":40},"end":{"line":75,"column":41}},"loc":{"start":{"line":75,"column":52},"end":{"line":111,"column":1}}},"13":{"name":"(anonymous_13)","decl":{"start":{"line":80,"column":21},"end":{"line":80,"column":22}},"loc":{"start":{"line":80,"column":35},"end":{"line":92,"column":3}}},"14":{"name":"success","decl":{"start":{"line":81,"column":13},"end":{"line":81,"column":20}},"loc":{"start":{"line":81,"column":31},"end":{"line":86,"column":5}}},"15":{"name":"error","decl":{"start":{"line":87,"column":13},"end":{"line":87,"column":18}},"loc":{"start":{"line":87,"column":24},"end":{"line":90,"column":5}}},"16":{"name":"(anonymous_16)","decl":{"start":{"line":92,"column":10},"end":{"line":92,"column":11}},"loc":{"start":{"line":92,"column":22},"end":{"line":106,"column":3}}},"17":{"name":"(anonymous_17)","decl":{"start":{"line":106,"column":11},"end":{"line":106,"column":12}},"loc":{"start":{"line":107,"column":4},"end":{"line":109,"column":5}}},"18":{"name":"(anonymous_18)","decl":{"start":{"line":116,"column":36},"end":{"line":116,"column":37}},"loc":{"start":{"line":116,"column":50},"end":{"line":119,"column":1}}},"19":{"name":"(anonymous_19)","decl":{"start":{"line":122,"column":34},"end":{"line":122,"column":35}},"loc":{"start":{"line":122,"column":46},"end":{"line":125,"column":1}}},"20":{"name":"(anonymous_20)","decl":{"start":{"line":127,"column":29},"end":{"line":127,"column":30}},"loc":{"start":{"line":127,"column":39},"end":{"line":156,"column":1}}},"21":{"name":"(anonymous_21)","decl":{"start":{"line":127,"column":39},"end":{"line":127,"column":40}},"loc":{"start":{"line":127,"column":51},"end":{"line":156,"column":1}}},"22":{"name":"(anonymous_22)","decl":{"start":{"line":137,"column":10},"end":{"line":137,"column":11}},"loc":{"start":{"line":137,"column":24},"end":{"line":144,"column":3}}},"23":{"name":"(anonymous_23)","decl":{"start":{"line":144,"column":10},"end":{"line":144,"column":11}},"loc":{"start":{"line":145,"column":4},"end":{"line":145,"column":12}}},"24":{"name":"(anonymous_24)","decl":{"start":{"line":146,"column":10},"end":{"line":146,"column":11}},"loc":{"start":{"line":147,"column":4},"end":{"line":149,"column":5}}},"25":{"name":"(anonymous_25)","decl":{"start":{"line":151,"column":9},"end":{"line":151,"column":10}},"loc":{"start":{"line":152,"column":4},"end":{"line":154,"column":5}}},"26":{"name":"(anonymous_26)","decl":{"start":{"line":161,"column":35},"end":{"line":161,"column":36}},"loc":{"start":{"line":161,"column":49},"end":{"line":164,"column":1}}},"27":{"name":"(anonymous_27)","decl":{"start":{"line":167,"column":33},"end":{"line":167,"column":34}},"loc":{"start":{"line":167,"column":45},"end":{"line":170,"column":1}}},"28":{"name":"(anonymous_28)","decl":{"start":{"line":172,"column":28},"end":{"line":172,"column":29}},"loc":{"start":{"line":172,"column":38},"end":{"line":195,"column":1}}},"29":{"name":"(anonymous_29)","decl":{"start":{"line":172,"column":38},"end":{"line":172,"column":39}},"loc":{"start":{"line":172,"column":50},"end":{"line":195,"column":1}}},"30":{"name":"(anonymous_30)","decl":{"start":{"line":176,"column":10},"end":{"line":176,"column":11}},"loc":{"start":{"line":176,"column":24},"end":{"line":183,"column":3}}},"31":{"name":"(anonymous_31)","decl":{"start":{"line":183,"column":10},"end":{"line":183,"column":11}},"loc":{"start":{"line":184,"column":4},"end":{"line":184,"column":19}}},"32":{"name":"(anonymous_32)","decl":{"start":{"line":185,"column":10},"end":{"line":185,"column":11}},"loc":{"start":{"line":186,"column":4},"end":{"line":188,"column":5}}},"33":{"name":"(anonymous_33)","decl":{"start":{"line":190,"column":9},"end":{"line":190,"column":10}},"loc":{"start":{"line":191,"column":4},"end":{"line":193,"column":5}}},"34":{"name":"(anonymous_34)","decl":{"start":{"line":200,"column":39},"end":{"line":200,"column":40}},"loc":{"start":{"line":200,"column":57},"end":{"line":203,"column":1}}},"35":{"name":"(anonymous_35)","decl":{"start":{"line":206,"column":37},"end":{"line":206,"column":38}},"loc":{"start":{"line":206,"column":49},"end":{"line":209,"column":1}}},"36":{"name":"(anonymous_36)","decl":{"start":{"line":211,"column":32},"end":{"line":211,"column":33}},"loc":{"start":{"line":211,"column":42},"end":{"line":235,"column":1}}},"37":{"name":"(anonymous_37)","decl":{"start":{"line":211,"column":42},"end":{"line":211,"column":43}},"loc":{"start":{"line":211,"column":54},"end":{"line":235,"column":1}}},"38":{"name":"(anonymous_38)","decl":{"start":{"line":216,"column":10},"end":{"line":216,"column":11}},"loc":{"start":{"line":216,"column":24},"end":{"line":223,"column":3}}},"39":{"name":"(anonymous_39)","decl":{"start":{"line":223,"column":10},"end":{"line":223,"column":11}},"loc":{"start":{"line":224,"column":4},"end":{"line":224,"column":19}}},"40":{"name":"(anonymous_40)","decl":{"start":{"line":225,"column":10},"end":{"line":225,"column":11}},"loc":{"start":{"line":226,"column":4},"end":{"line":228,"column":5}}},"41":{"name":"(anonymous_41)","decl":{"start":{"line":230,"column":9},"end":{"line":230,"column":10}},"loc":{"start":{"line":231,"column":4},"end":{"line":233,"column":5}}}},"branchMap":{"0":{"loc":{"start":{"line":30,"column":8},"end":{"line":38,"column":9}},"type":"if","locations":[{"start":{"line":30,"column":8},"end":{"line":38,"column":9}},{"start":{"line":30,"column":8},"end":{"line":38,"column":9}}]},"1":{"loc":{"start":{"line":138,"column":4},"end":{"line":142,"column":5}},"type":"if","locations":[{"start":{"line":138,"column":4},"end":{"line":142,"column":5}},{"start":{"line":138,"column":4},"end":{"line":142,"column":5}}]},"2":{"loc":{"start":{"line":138,"column":8},"end":{"line":138,"column":55}},"type":"binary-expr","locations":[{"start":{"line":138,"column":8},"end":{"line":138,"column":29}},{"start":{"line":138,"column":33},"end":{"line":138,"column":55}}]},"3":{"loc":{"start":{"line":177,"column":4},"end":{"line":181,"column":5}},"type":"if","locations":[{"start":{"line":177,"column":4},"end":{"line":181,"column":5}},{"start":{"line":177,"column":4},"end":{"line":181,"column":5}}]},"4":{"loc":{"start":{"line":177,"column":8},"end":{"line":177,"column":55}},"type":"binary-expr","locations":[{"start":{"line":177,"column":8},"end":{"line":177,"column":29}},{"start":{"line":177,"column":33},"end":{"line":177,"column":55}}]},"5":{"loc":{"start":{"line":217,"column":4},"end":{"line":221,"column":5}},"type":"if","locations":[{"start":{"line":217,"column":4},"end":{"line":221,"column":5}},{"start":{"line":217,"column":4},"end":{"line":221,"column":5}}]},"6":{"loc":{"start":{"line":217,"column":8},"end":{"line":217,"column":55}},"type":"binary-expr","locations":[{"start":{"line":217,"column":8},"end":{"line":217,"column":29}},{"start":{"line":217,"column":33},"end":{"line":217,"column":55}}]}},"s":{"0":4,"1":4,"2":1,"3":4,"4":4,"5":1,"6":4,"7":4,"8":1,"9":4,"10":0,"11":0,"12":0,"13":0,"14":0,"15":0,"16":0,"17":0,"18":0,"19":0,"20":0,"21":0,"22":0,"23":0,"24":0,"25":0,"26":0,"27":0,"28":0,"29":4,"30":4,"31":1,"32":4,"33":4,"34":1,"35":4,"36":0,"37":0,"38":0,"39":0,"40":0,"41":0,"42":0,"43":0,"44":0,"45":0,"46":0,"47":0,"48":0,"49":0,"50":0,"51":0,"52":0,"53":4,"54":4,"55":2,"56":4,"57":4,"58":1,"59":4,"60":1,"61":1,"62":1,"63":1,"64":1,"65":0,"66":0,"67":0,"68":1,"69":1,"70":1,"71":0,"72":4,"73":4,"74":2,"75":4,"76":4,"77":1,"78":4,"79":1,"80":1,"81":1,"82":1,"83":0,"84":0,"85":0,"86":1,"87":1,"88":1,"89":0,"90":4,"91":4,"92":2,"93":4,"94":4,"95":1,"96":4,"97":1,"98":1,"99":1,"100":1,"101":0,"102":0,"103":0,"104":1,"105":1,"106":1,"107":0},"f":{"0":1,"1":1,"2":1,"3":0,"4":0,"5":0,"6":0,"7":0,"8":0,"9":1,"10":1,"11":0,"12":0,"13":0,"14":0,"15":0,"16":0,"17":0,"18":2,"19":1,"20":1,"21":1,"22":1,"23":1,"24":1,"25":0,"26":2,"27":1,"28":1,"29":1,"30":1,"31":1,"32":1,"33":0,"34":2,"35":1,"36":1,"37":1,"38":1,"39":1,"40":1,"41":0},"b":{"0":[0,0],"1":[0,1],"2":[1,1],"3":[0,1],"4":[1,1],"5":[0,1],"6":[1,1]},"_coverageSchema":"332fd63041d2c1bcb487cc26dd0d5f7d97098a6c","hash":"59adbb47333cefa5cec9fc33f9f324926dd50ebe"}
,"/Users/bvellek/Desktop/projects/lumen-spot-app/public/js/components/hero-nav.js": {"path":"/Users/bvellek/Desktop/projects/lumen-spot-app/public/js/components/hero-nav.js","statementMap":{"0":{"start":{"line":7,"column":2},"end":{"line":11,"column":4}}},"fnMap":{"0":{"name":"HeroNav","decl":{"start":{"line":6,"column":24},"end":{"line":6,"column":31}},"loc":{"start":{"line":6,"column":34},"end":{"line":12,"column":1}}}},"branchMap":{},"s":{"0":1},"f":{"0":1},"b":{},"_coverageSchema":"332fd63041d2c1bcb487cc26dd0d5f7d97098a6c","hash":"22c921fb06e065d93fa51b02d60f5a97696c9a70"}
,"/Users/bvellek/Desktop/projects/lumen-spot-app/public/js/components/hero.js": {"path":"/Users/bvellek/Desktop/projects/lumen-spot-app/public/js/components/hero.js","statementMap":{"0":{"start":{"line":8,"column":2},"end":{"line":18,"column":4}}},"fnMap":{"0":{"name":"Hero","decl":{"start":{"line":7,"column":24},"end":{"line":7,"column":28}},"loc":{"start":{"line":7,"column":31},"end":{"line":19,"column":1}}}},"branchMap":{},"s":{"0":1},"f":{"0":1},"b":{},"_coverageSchema":"332fd63041d2c1bcb487cc26dd0d5f7d97098a6c","hash":"6a1ab6bbdc5730ccfdf328e5fac925ffdb94888d"}
,"/Users/bvellek/Desktop/projects/lumen-spot-app/public/js/components/image-results-container.js": {"path":"/Users/bvellek/Desktop/projects/lumen-spot-app/public/js/components/image-results-container.js","statementMap":{"0":{"start":{"line":10,"column":19},"end":{"line":10,"column":41}},"1":{"start":{"line":11,"column":4},"end":{"line":21,"column":5}},"2":{"start":{"line":12,"column":6},"end":{"line":16,"column":9}},"3":{"start":{"line":13,"column":8},"end":{"line":15,"column":10}},"4":{"start":{"line":18,"column":8},"end":{"line":20,"column":8}},"5":{"start":{"line":22,"column":4},"end":{"line":27,"column":6}},"6":{"start":{"line":31,"column":24},"end":{"line":33,"column":2}},"7":{"start":{"line":31,"column":36},"end":{"line":33,"column":1}}},"fnMap":{"0":{"name":"(anonymous_0)","decl":{"start":{"line":8,"column":2},"end":{"line":8,"column":3}},"loc":{"start":{"line":8,"column":11},"end":{"line":28,"column":3}}},"1":{"name":"(anonymous_1)","decl":{"start":{"line":12,"column":36},"end":{"line":12,"column":37}},"loc":{"start":{"line":12,"column":48},"end":{"line":16,"column":7}}},"2":{"name":"(anonymous_2)","decl":{"start":{"line":31,"column":24},"end":{"line":31,"column":25}},"loc":{"start":{"line":31,"column":36},"end":{"line":33,"column":1}}}},"branchMap":{"0":{"loc":{"start":{"line":11,"column":4},"end":{"line":21,"column":5}},"type":"if","locations":[{"start":{"line":11,"column":4},"end":{"line":21,"column":5}},{"start":{"line":11,"column":4},"end":{"line":21,"column":5}}]}},"s":{"0":0,"1":0,"2":0,"3":0,"4":0,"5":0,"6":1,"7":0},"f":{"0":0,"1":0,"2":0},"b":{"0":[0,0]},"_coverageSchema":"332fd63041d2c1bcb487cc26dd0d5f7d97098a6c","hash":"323e3264f0a8e7502bc5310fa8060f9b85136867"}
,"/Users/bvellek/Desktop/projects/lumen-spot-app/public/js/components/image.js": {"path":"/Users/bvellek/Desktop/projects/lumen-spot-app/public/js/components/image.js","statementMap":{"0":{"start":{"line":4,"column":2},"end":{"line":14,"column":4}}},"fnMap":{"0":{"name":"Image","decl":{"start":{"line":3,"column":24},"end":{"line":3,"column":29}},"loc":{"start":{"line":3,"column":37},"end":{"line":15,"column":1}}}},"branchMap":{"0":{"loc":{"start":{"line":9,"column":47},"end":{"line":9,"column":86}},"type":"cond-expr","locations":[{"start":{"line":9,"column":64},"end":{"line":9,"column":78}},{"start":{"line":9,"column":81},"end":{"line":9,"column":86}}]},"1":{"loc":{"start":{"line":9,"column":127},"end":{"line":9,"column":156}},"type":"cond-expr","locations":[{"start":{"line":9,"column":139},"end":{"line":9,"column":148}},{"start":{"line":9,"column":151},"end":{"line":9,"column":156}}]},"2":{"loc":{"start":{"line":9,"column":196},"end":{"line":9,"column":223}},"type":"cond-expr","locations":[{"start":{"line":9,"column":207},"end":{"line":9,"column":215}},{"start":{"line":9,"column":218},"end":{"line":9,"column":223}}]}},"s":{"0":1},"f":{"0":1},"b":{"0":[1,0],"1":[1,0],"2":[1,0]},"_coverageSchema":"332fd63041d2c1bcb487cc26dd0d5f7d97098a6c","hash":"d35bb69757419c0437612dc86b14ac7bb1631a23"}
,"/Users/bvellek/Desktop/projects/lumen-spot-app/public/js/components/info-about.js": {"path":"/Users/bvellek/Desktop/projects/lumen-spot-app/public/js/components/info-about.js","statementMap":{"0":{"start":{"line":5,"column":2},"end":{"line":14,"column":4}}},"fnMap":{"0":{"name":"InfoAbout","decl":{"start":{"line":4,"column":24},"end":{"line":4,"column":33}},"loc":{"start":{"line":4,"column":36},"end":{"line":15,"column":1}}}},"branchMap":{},"s":{"0":1},"f":{"0":1},"b":{},"_coverageSchema":"332fd63041d2c1bcb487cc26dd0d5f7d97098a6c","hash":"cf3a114597f26f23e9d4bceed100edf0829bfc0e"}
,"/Users/bvellek/Desktop/projects/lumen-spot-app/public/js/components/info-light.js": {"path":"/Users/bvellek/Desktop/projects/lumen-spot-app/public/js/components/info-light.js","statementMap":{"0":{"start":{"line":5,"column":2},"end":{"line":23,"column":4}}},"fnMap":{"0":{"name":"InfoLight","decl":{"start":{"line":4,"column":24},"end":{"line":4,"column":33}},"loc":{"start":{"line":4,"column":36},"end":{"line":24,"column":1}}}},"branchMap":{},"s":{"0":1},"f":{"0":1},"b":{},"_coverageSchema":"332fd63041d2c1bcb487cc26dd0d5f7d97098a6c","hash":"c8c07273df00a127a88261e9d022f0e4a94b86f9"}
,"/Users/bvellek/Desktop/projects/lumen-spot-app/public/js/components/info-what.js": {"path":"/Users/bvellek/Desktop/projects/lumen-spot-app/public/js/components/info-what.js","statementMap":{"0":{"start":{"line":5,"column":2},"end":{"line":12,"column":4}}},"fnMap":{"0":{"name":"InfoWhat","decl":{"start":{"line":4,"column":24},"end":{"line":4,"column":32}},"loc":{"start":{"line":4,"column":35},"end":{"line":13,"column":1}}}},"branchMap":{},"s":{"0":1},"f":{"0":1},"b":{},"_coverageSchema":"332fd63041d2c1bcb487cc26dd0d5f7d97098a6c","hash":"ae36e7f06fcd60fbd87aab2fe7978a57f40a5341"}
,"/Users/bvellek/Desktop/projects/lumen-spot-app/public/js/components/landing-footer.js": {"path":"/Users/bvellek/Desktop/projects/lumen-spot-app/public/js/components/landing-footer.js","statementMap":{"0":{"start":{"line":5,"column":2},"end":{"line":9,"column":4}}},"fnMap":{"0":{"name":"LandingFooter","decl":{"start":{"line":4,"column":24},"end":{"line":4,"column":37}},"loc":{"start":{"line":4,"column":40},"end":{"line":10,"column":1}}}},"branchMap":{},"s":{"0":1},"f":{"0":1},"b":{},"_coverageSchema":"332fd63041d2c1bcb487cc26dd0d5f7d97098a6c","hash":"2ece76a6e10bc3579610d6a15de8c830d4d371c4"}
,"/Users/bvellek/Desktop/projects/lumen-spot-app/public/js/components/landing-image-slider.js": {"path":"/Users/bvellek/Desktop/projects/lumen-spot-app/public/js/components/landing-image-slider.js","statementMap":{"0":{"start":{"line":5,"column":2},"end":{"line":17,"column":4}}},"fnMap":{"0":{"name":"LandingImageSlider","decl":{"start":{"line":4,"column":24},"end":{"line":4,"column":42}},"loc":{"start":{"line":4,"column":45},"end":{"line":18,"column":1}}}},"branchMap":{},"s":{"0":1},"f":{"0":1},"b":{},"_coverageSchema":"332fd63041d2c1bcb487cc26dd0d5f7d97098a6c","hash":"392beb79bc22d7972e8c1092f70485efa347c549"}
,"/Users/bvellek/Desktop/projects/lumen-spot-app/public/js/components/landing-main.js": {"path":"/Users/bvellek/Desktop/projects/lumen-spot-app/public/js/components/landing-main.js","statementMap":{"0":{"start":{"line":11,"column":2},"end":{"line":19,"column":4}}},"fnMap":{"0":{"name":"LandingMain","decl":{"start":{"line":10,"column":24},"end":{"line":10,"column":35}},"loc":{"start":{"line":10,"column":38},"end":{"line":20,"column":1}}}},"branchMap":{},"s":{"0":1},"f":{"0":1},"b":{},"_coverageSchema":"332fd63041d2c1bcb487cc26dd0d5f7d97098a6c","hash":"5ecb31ce870aac16785022c2e7fe9fc60d041d57"}
,"/Users/bvellek/Desktop/projects/lumen-spot-app/public/js/components/landing-page.js": {"path":"/Users/bvellek/Desktop/projects/lumen-spot-app/public/js/components/landing-page.js","statementMap":{"0":{"start":{"line":9,"column":2},"end":{"line":15,"column":4}}},"fnMap":{"0":{"name":"LandingPage","decl":{"start":{"line":8,"column":24},"end":{"line":8,"column":35}},"loc":{"start":{"line":8,"column":38},"end":{"line":16,"column":1}}}},"branchMap":{},"s":{"0":1},"f":{"0":1},"b":{},"_coverageSchema":"332fd63041d2c1bcb487cc26dd0d5f7d97098a6c","hash":"66f821aa352074d67607565a46cf6aef80b0d851"}
,"/Users/bvellek/Desktop/projects/lumen-spot-app/public/js/components/link-section.js": {"path":"/Users/bvellek/Desktop/projects/lumen-spot-app/public/js/components/link-section.js","statementMap":{"0":{"start":{"line":7,"column":2},"end":{"line":13,"column":4}}},"fnMap":{"0":{"name":"LinkSection","decl":{"start":{"line":6,"column":24},"end":{"line":6,"column":35}},"loc":{"start":{"line":6,"column":38},"end":{"line":14,"column":1}}}},"branchMap":{},"s":{"0":1},"f":{"0":1},"b":{},"_coverageSchema":"332fd63041d2c1bcb487cc26dd0d5f7d97098a6c","hash":"feb72bbf638cfdc2b79dc890bc4c66c23e2fd961"}
,"/Users/bvellek/Desktop/projects/lumen-spot-app/public/js/components/location-data.js": {"path":"/Users/bvellek/Desktop/projects/lumen-spot-app/public/js/components/location-data.js","statementMap":{"0":{"start":{"line":8,"column":2},"end":{"line":13,"column":4}}},"fnMap":{"0":{"name":"LocationData","decl":{"start":{"line":7,"column":24},"end":{"line":7,"column":36}},"loc":{"start":{"line":7,"column":39},"end":{"line":14,"column":1}}}},"branchMap":{},"s":{"0":1},"f":{"0":1},"b":{},"_coverageSchema":"332fd63041d2c1bcb487cc26dd0d5f7d97098a6c","hash":"08cab86287516c844846b28b42ceaf378063964b"}
,"/Users/bvellek/Desktop/projects/lumen-spot-app/public/js/components/location-header.js": {"path":"/Users/bvellek/Desktop/projects/lumen-spot-app/public/js/components/location-header.js","statementMap":{"0":{"start":{"line":8,"column":2},"end":{"line":19,"column":4}}},"fnMap":{"0":{"name":"LocationHeader","decl":{"start":{"line":7,"column":24},"end":{"line":7,"column":38}},"loc":{"start":{"line":7,"column":41},"end":{"line":20,"column":1}}}},"branchMap":{},"s":{"0":1},"f":{"0":1},"b":{},"_coverageSchema":"332fd63041d2c1bcb487cc26dd0d5f7d97098a6c","hash":"e1fcaf985fa4e0fd1c3350dee5ab7e9b6d1aef52"}
,"/Users/bvellek/Desktop/projects/lumen-spot-app/public/js/components/location-main.js": {"path":"/Users/bvellek/Desktop/projects/lumen-spot-app/public/js/components/location-main.js","statementMap":{"0":{"start":{"line":8,"column":2},"end":{"line":13,"column":4}}},"fnMap":{"0":{"name":"LocationMain","decl":{"start":{"line":7,"column":24},"end":{"line":7,"column":36}},"loc":{"start":{"line":7,"column":39},"end":{"line":14,"column":1}}}},"branchMap":{},"s":{"0":1},"f":{"0":1},"b":{},"_coverageSchema":"332fd63041d2c1bcb487cc26dd0d5f7d97098a6c","hash":"1a37b8a30af3f216d6e7057fb1efe880240c6905"}
,"/Users/bvellek/Desktop/projects/lumen-spot-app/public/js/components/no-search.js": {"path":"/Users/bvellek/Desktop/projects/lumen-spot-app/public/js/components/no-search.js","statementMap":{"0":{"start":{"line":5,"column":2},"end":{"line":9,"column":4}}},"fnMap":{"0":{"name":"NoResults","decl":{"start":{"line":4,"column":24},"end":{"line":4,"column":33}},"loc":{"start":{"line":4,"column":36},"end":{"line":10,"column":1}}}},"branchMap":{},"s":{"0":1},"f":{"0":1},"b":{},"_coverageSchema":"332fd63041d2c1bcb487cc26dd0d5f7d97098a6c","hash":"50d3fe5cd9a59f606e588cc6c296324f626cda7f"}
,"/Users/bvellek/Desktop/projects/lumen-spot-app/public/js/components/not-found-page.js": {"path":"/Users/bvellek/Desktop/projects/lumen-spot-app/public/js/components/not-found-page.js","statementMap":{"0":{"start":{"line":6,"column":2},"end":{"line":14,"column":4}}},"fnMap":{"0":{"name":"NotFoundPage","decl":{"start":{"line":5,"column":24},"end":{"line":5,"column":36}},"loc":{"start":{"line":5,"column":39},"end":{"line":15,"column":1}}}},"branchMap":{},"s":{"0":1},"f":{"0":1},"b":{},"_coverageSchema":"332fd63041d2c1bcb487cc26dd0d5f7d97098a6c","hash":"e3c7e7aeee541a4f7272094bcb9a143eea442432"}
,"/Users/bvellek/Desktop/projects/lumen-spot-app/public/js/components/search-coord-container.js": {"path":"/Users/bvellek/Desktop/projects/lumen-spot-app/public/js/components/search-coord-container.js","statementMap":{"0":{"start":{"line":7,"column":16},"end":{"line":7,"column":71}},"1":{"start":{"line":8,"column":25},"end":{"line":8,"column":48}},"2":{"start":{"line":10,"column":18},"end":{"line":10,"column":22}},"3":{"start":{"line":11,"column":4},"end":{"line":24,"column":3}},"4":{"start":{"line":12,"column":6},"end":{"line":12,"column":170}},"5":{"start":{"line":13,"column":11},"end":{"line":24,"column":3}},"6":{"start":{"line":14,"column":6},"end":{"line":19,"column":6}},"7":{"start":{"line":20,"column":9},"end":{"line":24,"column":3}},"8":{"start":{"line":21,"column":4},"end":{"line":21,"column":71}},"9":{"start":{"line":23,"column":4},"end":{"line":23,"column":22}},"10":{"start":{"line":25,"column":4},"end":{"line":29,"column":6}},"11":{"start":{"line":33,"column":24},"end":{"line":39,"column":2}},"12":{"start":{"line":33,"column":36},"end":{"line":39,"column":1}}},"fnMap":{"0":{"name":"(anonymous_0)","decl":{"start":{"line":6,"column":2},"end":{"line":6,"column":3}},"loc":{"start":{"line":6,"column":11},"end":{"line":30,"column":3}}},"1":{"name":"(anonymous_1)","decl":{"start":{"line":33,"column":24},"end":{"line":33,"column":25}},"loc":{"start":{"line":33,"column":36},"end":{"line":39,"column":1}}}},"branchMap":{"0":{"loc":{"start":{"line":11,"column":4},"end":{"line":24,"column":3}},"type":"if","locations":[{"start":{"line":11,"column":4},"end":{"line":24,"column":3}},{"start":{"line":11,"column":4},"end":{"line":24,"column":3}}]},"1":{"loc":{"start":{"line":13,"column":11},"end":{"line":24,"column":3}},"type":"if","locations":[{"start":{"line":13,"column":11},"end":{"line":24,"column":3}},{"start":{"line":13,"column":11},"end":{"line":24,"column":3}}]},"2":{"loc":{"start":{"line":20,"column":9},"end":{"line":24,"column":3}},"type":"if","locations":[{"start":{"line":20,"column":9},"end":{"line":24,"column":3}},{"start":{"line":20,"column":9},"end":{"line":24,"column":3}}]}},"s":{"0":0,"1":0,"2":0,"3":0,"4":0,"5":0,"6":0,"7":0,"8":0,"9":0,"10":0,"11":1,"12":0},"f":{"0":0,"1":0},"b":{"0":[0,0],"1":[0,0],"2":[0,0]},"_coverageSchema":"332fd63041d2c1bcb487cc26dd0d5f7d97098a6c","hash":"381bb4ed7ed4fd3902a2c901816ca68faf4e3077"}
,"/Users/bvellek/Desktop/projects/lumen-spot-app/public/js/components/search-form-container.js": {"path":"/Users/bvellek/Desktop/projects/lumen-spot-app/public/js/components/search-form-container.js","statementMap":{"0":{"start":{"line":9,"column":4},"end":{"line":9,"column":17}},"1":{"start":{"line":10,"column":4},"end":{"line":12,"column":6}},"2":{"start":{"line":13,"column":4},"end":{"line":13,"column":53}},"3":{"start":{"line":14,"column":4},"end":{"line":14,"column":57}},"4":{"start":{"line":15,"column":4},"end":{"line":15,"column":65}},"5":{"start":{"line":16,"column":18},"end":{"line":16,"column":28}},"6":{"start":{"line":19,"column":4},"end":{"line":37,"column":5}},"7":{"start":{"line":20,"column":6},"end":{"line":34,"column":8}},"8":{"start":{"line":21,"column":8},"end":{"line":33,"column":9}},"9":{"start":{"line":22,"column":22},"end":{"line":22,"column":37}},"10":{"start":{"line":23,"column":22},"end":{"line":23,"column":37}},"11":{"start":{"line":24,"column":10},"end":{"line":32,"column":11}},"12":{"start":{"line":25,"column":27},"end":{"line":25,"column":42}},"13":{"start":{"line":26,"column":12},"end":{"line":26,"column":71}},"14":{"start":{"line":27,"column":12},"end":{"line":31,"column":15}},"15":{"start":{"line":36,"column":6},"end":{"line":36,"column":119}},"16":{"start":{"line":42,"column":4},"end":{"line":54,"column":5}},"17":{"start":{"line":43,"column":6},"end":{"line":51,"column":7}},"18":{"start":{"line":44,"column":26},"end":{"line":44,"column":54}},"19":{"start":{"line":45,"column":32},"end":{"line":48,"column":9}},"20":{"start":{"line":49,"column":8},"end":{"line":49,"column":131}},"21":{"start":{"line":50,"column":8},"end":{"line":50,"column":35}},"22":{"start":{"line":53,"column":6},"end":{"line":53,"column":119}},"23":{"start":{"line":58,"column":4},"end":{"line":67,"column":7}},"24":{"start":{"line":59,"column":21},"end":{"line":59,"column":38}},"25":{"start":{"line":60,"column":30},"end":{"line":63,"column":7}},"26":{"start":{"line":64,"column":6},"end":{"line":64,"column":129}},"27":{"start":{"line":66,"column":6},"end":{"line":66,"column":23}},"28":{"start":{"line":72,"column":4},"end":{"line":72,"column":63}},"29":{"start":{"line":76,"column":4},"end":{"line":76,"column":23}},"30":{"start":{"line":77,"column":21},"end":{"line":77,"column":37}},"31":{"start":{"line":78,"column":4},"end":{"line":87,"column":7}},"32":{"start":{"line":79,"column":21},"end":{"line":79,"column":38}},"33":{"start":{"line":80,"column":30},"end":{"line":83,"column":7}},"34":{"start":{"line":84,"column":6},"end":{"line":84,"column":119}},"35":{"start":{"line":86,"column":6},"end":{"line":86,"column":23}},"36":{"start":{"line":91,"column":4},"end":{"line":108,"column":6}},"37":{"start":{"line":112,"column":24},"end":{"line":114,"column":2}},"38":{"start":{"line":112,"column":36},"end":{"line":114,"column":1}}},"fnMap":{"0":{"name":"(anonymous_0)","decl":{"start":{"line":8,"column":2},"end":{"line":8,"column":3}},"loc":{"start":{"line":8,"column":21},"end":{"line":38,"column":3}}},"1":{"name":"(anonymous_1)","decl":{"start":{"line":20,"column":26},"end":{"line":20,"column":27}},"loc":{"start":{"line":20,"column":43},"end":{"line":34,"column":7}}},"2":{"name":"(anonymous_2)","decl":{"start":{"line":40,"column":2},"end":{"line":40,"column":3}},"loc":{"start":{"line":40,"column":22},"end":{"line":55,"column":3}}},"3":{"name":"(anonymous_3)","decl":{"start":{"line":57,"column":2},"end":{"line":57,"column":3}},"loc":{"start":{"line":57,"column":23},"end":{"line":68,"column":3}}},"4":{"name":"(anonymous_4)","decl":{"start":{"line":58,"column":59},"end":{"line":58,"column":60}},"loc":{"start":{"line":58,"column":71},"end":{"line":65,"column":5}}},"5":{"name":"(anonymous_5)","decl":{"start":{"line":65,"column":13},"end":{"line":65,"column":14}},"loc":{"start":{"line":65,"column":22},"end":{"line":67,"column":5}}},"6":{"name":"(anonymous_6)","decl":{"start":{"line":71,"column":2},"end":{"line":71,"column":3}},"loc":{"start":{"line":71,"column":22},"end":{"line":73,"column":3}}},"7":{"name":"(anonymous_7)","decl":{"start":{"line":75,"column":2},"end":{"line":75,"column":3}},"loc":{"start":{"line":75,"column":20},"end":{"line":88,"column":3}}},"8":{"name":"(anonymous_8)","decl":{"start":{"line":78,"column":68},"end":{"line":78,"column":69}},"loc":{"start":{"line":78,"column":80},"end":{"line":85,"column":5}}},"9":{"name":"(anonymous_9)","decl":{"start":{"line":85,"column":13},"end":{"line":85,"column":14}},"loc":{"start":{"line":85,"column":22},"end":{"line":87,"column":5}}},"10":{"name":"(anonymous_10)","decl":{"start":{"line":90,"column":2},"end":{"line":90,"column":3}},"loc":{"start":{"line":90,"column":11},"end":{"line":109,"column":3}}},"11":{"name":"(anonymous_11)","decl":{"start":{"line":112,"column":24},"end":{"line":112,"column":25}},"loc":{"start":{"line":112,"column":36},"end":{"line":114,"column":1}}}},"branchMap":{"0":{"loc":{"start":{"line":21,"column":8},"end":{"line":33,"column":9}},"type":"if","locations":[{"start":{"line":21,"column":8},"end":{"line":33,"column":9}},{"start":{"line":21,"column":8},"end":{"line":33,"column":9}}]},"1":{"loc":{"start":{"line":21,"column":12},"end":{"line":21,"column":46}},"type":"binary-expr","locations":[{"start":{"line":21,"column":12},"end":{"line":21,"column":27}},{"start":{"line":21,"column":31},"end":{"line":21,"column":46}}]},"2":{"loc":{"start":{"line":24,"column":10},"end":{"line":32,"column":11}},"type":"if","locations":[{"start":{"line":24,"column":10},"end":{"line":32,"column":11}},{"start":{"line":24,"column":10},"end":{"line":32,"column":11}}]},"3":{"loc":{"start":{"line":24,"column":14},"end":{"line":24,"column":40}},"type":"binary-expr","locations":[{"start":{"line":24,"column":14},"end":{"line":24,"column":25}},{"start":{"line":24,"column":29},"end":{"line":24,"column":40}}]},"4":{"loc":{"start":{"line":43,"column":6},"end":{"line":51,"column":7}},"type":"if","locations":[{"start":{"line":43,"column":6},"end":{"line":51,"column":7}},{"start":{"line":43,"column":6},"end":{"line":51,"column":7}}]},"5":{"loc":{"start":{"line":43,"column":10},"end":{"line":43,"column":51}},"type":"binary-expr","locations":[{"start":{"line":43,"column":10},"end":{"line":43,"column":30}},{"start":{"line":43,"column":34},"end":{"line":43,"column":51}}]}},"s":{"0":0,"1":0,"2":0,"3":0,"4":0,"5":0,"6":0,"7":0,"8":0,"9":0,"10":0,"11":0,"12":0,"13":0,"14":0,"15":0,"16":0,"17":0,"18":0,"19":0,"20":0,"21":0,"22":0,"23":0,"24":0,"25":0,"26":0,"27":0,"28":0,"29":0,"30":0,"31":0,"32":0,"33":0,"34":0,"35":0,"36":0,"37":1,"38":0},"f":{"0":0,"1":0,"2":0,"3":0,"4":0,"5":0,"6":0,"7":0,"8":0,"9":0,"10":0,"11":0},"b":{"0":[0,0],"1":[0,0],"2":[0,0],"3":[0,0],"4":[0,0],"5":[0,0]},"_coverageSchema":"332fd63041d2c1bcb487cc26dd0d5f7d97098a6c","hash":"2ac51769a2bfde2e127744f92a1c06d0e59ed315"}
,"/Users/bvellek/Desktop/projects/lumen-spot-app/public/js/components/search-info.js": {"path":"/Users/bvellek/Desktop/projects/lumen-spot-app/public/js/components/search-info.js","statementMap":{"0":{"start":{"line":8,"column":2},"end":{"line":14,"column":4}}},"fnMap":{"0":{"name":"SearchInfo","decl":{"start":{"line":7,"column":24},"end":{"line":7,"column":34}},"loc":{"start":{"line":7,"column":37},"end":{"line":15,"column":1}}}},"branchMap":{},"s":{"0":1},"f":{"0":1},"b":{},"_coverageSchema":"332fd63041d2c1bcb487cc26dd0d5f7d97098a6c","hash":"11b15c61d87e1fa38dbe28a07b417627e5fa4dcc"}
,"/Users/bvellek/Desktop/projects/lumen-spot-app/public/js/components/search-link.js": {"path":"/Users/bvellek/Desktop/projects/lumen-spot-app/public/js/components/search-link.js","statementMap":{"0":{"start":{"line":6,"column":2},"end":{"line":8,"column":4}},"1":{"start":{"line":11,"column":0},"end":{"line":13,"column":2}}},"fnMap":{"0":{"name":"SearchLink","decl":{"start":{"line":5,"column":24},"end":{"line":5,"column":34}},"loc":{"start":{"line":5,"column":42},"end":{"line":9,"column":1}}}},"branchMap":{},"s":{"0":1,"1":6},"f":{"0":1},"b":{},"_coverageSchema":"332fd63041d2c1bcb487cc26dd0d5f7d97098a6c","hash":"75dd1899d7528d511ce700adf61b73751c292e0a"}
,"/Users/bvellek/Desktop/projects/lumen-spot-app/public/js/components/sun-results-container.js": {"path":"/Users/bvellek/Desktop/projects/lumen-spot-app/public/js/components/sun-results-container.js","statementMap":{"0":{"start":{"line":8,"column":4},"end":{"line":73,"column":5}},"1":{"start":{"line":9,"column":20},"end":{"line":19,"column":7}},"2":{"start":{"line":21,"column":29},"end":{"line":24,"column":8}},"3":{"start":{"line":22,"column":24},"end":{"line":22,"column":62}},"4":{"start":{"line":23,"column":8},"end":{"line":23,"column":69}},"5":{"start":{"line":26,"column":6},"end":{"line":68,"column":8}},"6":{"start":{"line":70,"column":6},"end":{"line":72,"column":8}},"7":{"start":{"line":75,"column":4},"end":{"line":84,"column":6}},"8":{"start":{"line":88,"column":24},"end":{"line":90,"column":2}},"9":{"start":{"line":88,"column":36},"end":{"line":90,"column":1}}},"fnMap":{"0":{"name":"(anonymous_0)","decl":{"start":{"line":6,"column":2},"end":{"line":6,"column":3}},"loc":{"start":{"line":6,"column":11},"end":{"line":85,"column":3}}},"1":{"name":"(anonymous_1)","decl":{"start":{"line":21,"column":39},"end":{"line":21,"column":40}},"loc":{"start":{"line":21,"column":47},"end":{"line":24,"column":7}}},"2":{"name":"(anonymous_2)","decl":{"start":{"line":88,"column":24},"end":{"line":88,"column":25}},"loc":{"start":{"line":88,"column":36},"end":{"line":90,"column":1}}}},"branchMap":{"0":{"loc":{"start":{"line":8,"column":4},"end":{"line":73,"column":5}},"type":"if","locations":[{"start":{"line":8,"column":4},"end":{"line":73,"column":5}},{"start":{"line":8,"column":4},"end":{"line":73,"column":5}}]}},"s":{"0":0,"1":0,"2":0,"3":0,"4":0,"5":0,"6":0,"7":0,"8":2,"9":0},"f":{"0":0,"1":0,"2":0},"b":{"0":[0,0]},"_coverageSchema":"332fd63041d2c1bcb487cc26dd0d5f7d97098a6c","hash":"8b7a5d02460c4e85a87232c7f8b8410dabdd231f"}
,"/Users/bvellek/Desktop/projects/lumen-spot-app/public/js/components/svg-logo.js": {"path":"/Users/bvellek/Desktop/projects/lumen-spot-app/public/js/components/svg-logo.js","statementMap":{"0":{"start":{"line":5,"column":2},"end":{"line":23,"column":4}}},"fnMap":{"0":{"name":"SVGLogo","decl":{"start":{"line":4,"column":24},"end":{"line":4,"column":31}},"loc":{"start":{"line":4,"column":34},"end":{"line":24,"column":1}}}},"branchMap":{},"s":{"0":1},"f":{"0":1},"b":{},"_coverageSchema":"332fd63041d2c1bcb487cc26dd0d5f7d97098a6c","hash":"0c01dbc2e34e5e757f6bea5970b9daf0d4b1527b"}
,"/Users/bvellek/Desktop/projects/lumen-spot-app/public/js/components/weather-results-container.js": {"path":"/Users/bvellek/Desktop/projects/lumen-spot-app/public/js/components/weather-results-container.js","statementMap":{"0":{"start":{"line":8,"column":24},"end":{"line":8,"column":49}},"1":{"start":{"line":9,"column":4},"end":{"line":60,"column":5}},"2":{"start":{"line":10,"column":22},"end":{"line":10,"column":96}},"3":{"start":{"line":11,"column":22},"end":{"line":11,"column":68}},"4":{"start":{"line":12,"column":26},"end":{"line":12,"column":65}},"5":{"start":{"line":13,"column":19},"end":{"line":13,"column":57}},"6":{"start":{"line":14,"column":17},"end":{"line":14,"column":51}},"7":{"start":{"line":15,"column":19},"end":{"line":15,"column":62}},"8":{"start":{"line":16,"column":26},"end":{"line":16,"column":70}},"9":{"start":{"line":17,"column":32},"end":{"line":17,"column":49}},"10":{"start":{"line":18,"column":6},"end":{"line":53,"column":8}},"11":{"start":{"line":55,"column":8},"end":{"line":59,"column":8}},"12":{"start":{"line":61,"column":4},"end":{"line":70,"column":6}},"13":{"start":{"line":74,"column":24},"end":{"line":76,"column":2}},"14":{"start":{"line":74,"column":36},"end":{"line":76,"column":1}}},"fnMap":{"0":{"name":"(anonymous_0)","decl":{"start":{"line":6,"column":2},"end":{"line":6,"column":3}},"loc":{"start":{"line":6,"column":11},"end":{"line":71,"column":3}}},"1":{"name":"(anonymous_1)","decl":{"start":{"line":74,"column":24},"end":{"line":74,"column":25}},"loc":{"start":{"line":74,"column":36},"end":{"line":76,"column":1}}}},"branchMap":{"0":{"loc":{"start":{"line":9,"column":4},"end":{"line":60,"column":5}},"type":"if","locations":[{"start":{"line":9,"column":4},"end":{"line":60,"column":5}},{"start":{"line":9,"column":4},"end":{"line":60,"column":5}}]}},"s":{"0":0,"1":0,"2":0,"3":0,"4":0,"5":0,"6":0,"7":0,"8":0,"9":0,"10":0,"11":0,"12":0,"13":2,"14":0},"f":{"0":0,"1":0},"b":{"0":[0,0]},"_coverageSchema":"332fd63041d2c1bcb487cc26dd0d5f7d97098a6c","hash":"65237a2ec406b7834e05cf3d5eda3b6b86eb3ae8"}
,"/Users/bvellek/Desktop/projects/lumen-spot-app/public/js/reducers/index.js": {"path":"/Users/bvellek/Desktop/projects/lumen-spot-app/public/js/reducers/index.js","statementMap":{"0":{"start":{"line":3,"column":28},"end":{"line":12,"column":1}},"1":{"start":{"line":14,"column":31},"end":{"line":95,"column":1}},"2":{"start":{"line":15,"column":2},"end":{"line":92,"column":3}},"3":{"start":{"line":16,"column":19},"end":{"line":16,"column":32}},"4":{"start":{"line":17,"column":21},"end":{"line":21,"column":6}},"5":{"start":{"line":22,"column":4},"end":{"line":22,"column":20}},"6":{"start":{"line":23,"column":9},"end":{"line":92,"column":3}},"7":{"start":{"line":24,"column":20},"end":{"line":24,"column":105}},"8":{"start":{"line":25,"column":21},"end":{"line":29,"column":6}},"9":{"start":{"line":30,"column":4},"end":{"line":30,"column":20}},"10":{"start":{"line":31,"column":9},"end":{"line":92,"column":3}},"11":{"start":{"line":32,"column":19},"end":{"line":32,"column":32}},"12":{"start":{"line":33,"column":21},"end":{"line":37,"column":6}},"13":{"start":{"line":38,"column":4},"end":{"line":38,"column":20}},"14":{"start":{"line":39,"column":9},"end":{"line":92,"column":3}},"15":{"start":{"line":40,"column":20},"end":{"line":40,"column":32}},"16":{"start":{"line":41,"column":21},"end":{"line":45,"column":6}},"17":{"start":{"line":46,"column":4},"end":{"line":46,"column":20}},"18":{"start":{"line":47,"column":9},"end":{"line":92,"column":3}},"19":{"start":{"line":48,"column":23},"end":{"line":48,"column":37}},"20":{"start":{"line":49,"column":21},"end":{"line":51,"column":6}},"21":{"start":{"line":52,"column":4},"end":{"line":52,"column":20}},"22":{"start":{"line":53,"column":9},"end":{"line":92,"column":3}},"23":{"start":{"line":54,"column":20},"end":{"line":54,"column":32}},"24":{"start":{"line":55,"column":21},"end":{"line":58,"column":6}},"25":{"start":{"line":59,"column":4},"end":{"line":59,"column":20}},"26":{"start":{"line":60,"column":9},"end":{"line":92,"column":3}},"27":{"start":{"line":61,"column":20},"end":{"line":61,"column":34}},"28":{"start":{"line":62,"column":21},"end":{"line":64,"column":6}},"29":{"start":{"line":65,"column":4},"end":{"line":65,"column":20}},"30":{"start":{"line":66,"column":9},"end":{"line":92,"column":3}},"31":{"start":{"line":67,"column":20},"end":{"line":67,"column":32}},"32":{"start":{"line":68,"column":21},"end":{"line":71,"column":6}},"33":{"start":{"line":72,"column":4},"end":{"line":72,"column":20}},"34":{"start":{"line":73,"column":9},"end":{"line":92,"column":3}},"35":{"start":{"line":74,"column":24},"end":{"line":74,"column":42}},"36":{"start":{"line":75,"column":21},"end":{"line":77,"column":6}},"37":{"start":{"line":78,"column":4},"end":{"line":78,"column":20}},"38":{"start":{"line":79,"column":9},"end":{"line":92,"column":3}},"39":{"start":{"line":80,"column":20},"end":{"line":80,"column":32}},"40":{"start":{"line":81,"column":21},"end":{"line":84,"column":6}},"41":{"start":{"line":85,"column":4},"end":{"line":85,"column":20}},"42":{"start":{"line":86,"column":9},"end":{"line":92,"column":3}},"43":{"start":{"line":87,"column":21},"end":{"line":90,"column":6}},"44":{"start":{"line":91,"column":4},"end":{"line":91,"column":20}},"45":{"start":{"line":94,"column":2},"end":{"line":94,"column":15}}},"fnMap":{"0":{"name":"(anonymous_0)","decl":{"start":{"line":14,"column":31},"end":{"line":14,"column":32}},"loc":{"start":{"line":14,"column":65},"end":{"line":95,"column":1}}}},"branchMap":{"0":{"loc":{"start":{"line":14,"column":32},"end":{"line":14,"column":52}},"type":"default-arg","locations":[{"start":{"line":14,"column":40},"end":{"line":14,"column":52}}]},"1":{"loc":{"start":{"line":15,"column":2},"end":{"line":92,"column":3}},"type":"if","locations":[{"start":{"line":15,"column":2},"end":{"line":92,"column":3}},{"start":{"line":15,"column":2},"end":{"line":92,"column":3}}]},"2":{"loc":{"start":{"line":23,"column":9},"end":{"line":92,"column":3}},"type":"if","locations":[{"start":{"line":23,"column":9},"end":{"line":92,"column":3}},{"start":{"line":23,"column":9},"end":{"line":92,"column":3}}]},"3":{"loc":{"start":{"line":31,"column":9},"end":{"line":92,"column":3}},"type":"if","locations":[{"start":{"line":31,"column":9},"end":{"line":92,"column":3}},{"start":{"line":31,"column":9},"end":{"line":92,"column":3}}]},"4":{"loc":{"start":{"line":39,"column":9},"end":{"line":92,"column":3}},"type":"if","locations":[{"start":{"line":39,"column":9},"end":{"line":92,"column":3}},{"start":{"line":39,"column":9},"end":{"line":92,"column":3}}]},"5":{"loc":{"start":{"line":47,"column":9},"end":{"line":92,"column":3}},"type":"if","locations":[{"start":{"line":47,"column":9},"end":{"line":92,"column":3}},{"start":{"line":47,"column":9},"end":{"line":92,"column":3}}]},"6":{"loc":{"start":{"line":53,"column":9},"end":{"line":92,"column":3}},"type":"if","locations":[{"start":{"line":53,"column":9},"end":{"line":92,"column":3}},{"start":{"line":53,"column":9},"end":{"line":92,"column":3}}]},"7":{"loc":{"start":{"line":60,"column":9},"end":{"line":92,"column":3}},"type":"if","locations":[{"start":{"line":60,"column":9},"end":{"line":92,"column":3}},{"start":{"line":60,"column":9},"end":{"line":92,"column":3}}]},"8":{"loc":{"start":{"line":66,"column":9},"end":{"line":92,"column":3}},"type":"if","locations":[{"start":{"line":66,"column":9},"end":{"line":92,"column":3}},{"start":{"line":66,"column":9},"end":{"line":92,"column":3}}]},"9":{"loc":{"start":{"line":73,"column":9},"end":{"line":92,"column":3}},"type":"if","locations":[{"start":{"line":73,"column":9},"end":{"line":92,"column":3}},{"start":{"line":73,"column":9},"end":{"line":92,"column":3}}]},"10":{"loc":{"start":{"line":79,"column":9},"end":{"line":92,"column":3}},"type":"if","locations":[{"start":{"line":79,"column":9},"end":{"line":92,"column":3}},{"start":{"line":79,"column":9},"end":{"line":92,"column":3}}]},"11":{"loc":{"start":{"line":86,"column":9},"end":{"line":92,"column":3}},"type":"if","locations":[{"start":{"line":86,"column":9},"end":{"line":92,"column":3}},{"start":{"line":86,"column":9},"end":{"line":92,"column":3}}]}},"s":{"0":1,"1":1,"2":12,"3":1,"4":1,"5":1,"6":11,"7":1,"8":1,"9":1,"10":10,"11":1,"12":1,"13":1,"14":9,"15":1,"16":1,"17":1,"18":8,"19":1,"20":1,"21":1,"22":7,"23":1,"24":1,"25":1,"26":6,"27":1,"28":1,"29":1,"30":5,"31":1,"32":1,"33":1,"34":4,"35":1,"36":1,"37":1,"38":3,"39":1,"40":1,"41":1,"42":2,"43":1,"44":1,"45":1},"f":{"0":12},"b":{"0":[1],"1":[1,11],"2":[1,10],"3":[1,9],"4":[1,8],"5":[1,7],"6":[1,6],"7":[1,5],"8":[1,4],"9":[1,3],"10":[1,2],"11":[1,1]},"_coverageSchema":"332fd63041d2c1bcb487cc26dd0d5f7d97098a6c","hash":"482c0393c5975078b180e46b038b0ef0c6d5c7d7"}
}
