TN:
SF:/Users/bvellek/Desktop/projects/lumen-spot-app/public/js/actions/index.js
FN:6,(anonymous_0)
FN:13,(anonymous_1)
FN:19,(anonymous_2)
FN:24,(anonymous_3)
FN:24,(anonymous_4)
FN:27,(anonymous_5)
FN:29,(anonymous_6)
FN:40,(anonymous_7)
FN:54,(anonymous_8)
FN:64,(anonymous_9)
FN:70,(anonymous_10)
FN:75,(anonymous_11)
FN:75,(anonymous_12)
FN:80,(anonymous_13)
FN:81,success
FN:87,error
FN:92,(anonymous_16)
FN:106,(anonymous_17)
FN:116,(anonymous_18)
FN:122,(anonymous_19)
FN:127,(anonymous_20)
FN:127,(anonymous_21)
FN:137,(anonymous_22)
FN:144,(anonymous_23)
FN:146,(anonymous_24)
FN:151,(anonymous_25)
FN:161,(anonymous_26)
FN:167,(anonymous_27)
FN:172,(anonymous_28)
FN:172,(anonymous_29)
FN:176,(anonymous_30)
FN:183,(anonymous_31)
FN:185,(anonymous_32)
FN:190,(anonymous_33)
FN:200,(anonymous_34)
FN:206,(anonymous_35)
FN:211,(anonymous_36)
FN:211,(anonymous_37)
FN:216,(anonymous_38)
FN:223,(anonymous_39)
FN:225,(anonymous_40)
FN:230,(anonymous_41)
FNF:42
FNH:11
FNDA:1,(anonymous_0)
FNDA:1,(anonymous_1)
FNDA:1,(anonymous_2)
FNDA:0,(anonymous_3)
FNDA:0,(anonymous_4)
FNDA:0,(anonymous_5)
FNDA:0,(anonymous_6)
FNDA:0,(anonymous_7)
FNDA:0,(anonymous_8)
FNDA:1,(anonymous_9)
FNDA:1,(anonymous_10)
FNDA:0,(anonymous_11)
FNDA:0,(anonymous_12)
FNDA:0,(anonymous_13)
FNDA:0,success
FNDA:0,error
FNDA:0,(anonymous_16)
FNDA:0,(anonymous_17)
FNDA:1,(anonymous_18)
FNDA:1,(anonymous_19)
FNDA:0,(anonymous_20)
FNDA:0,(anonymous_21)
FNDA:0,(anonymous_22)
FNDA:0,(anonymous_23)
FNDA:0,(anonymous_24)
FNDA:0,(anonymous_25)
FNDA:1,(anonymous_26)
FNDA:1,(anonymous_27)
FNDA:0,(anonymous_28)
FNDA:0,(anonymous_29)
FNDA:0,(anonymous_30)
FNDA:0,(anonymous_31)
FNDA:0,(anonymous_32)
FNDA:0,(anonymous_33)
FNDA:1,(anonymous_34)
FNDA:1,(anonymous_35)
FNDA:0,(anonymous_36)
FNDA:0,(anonymous_37)
FNDA:0,(anonymous_38)
FNDA:0,(anonymous_39)
FNDA:0,(anonymous_40)
FNDA:0,(anonymous_41)
DA:5,2
DA:6,2
DA:12,2
DA:13,2
DA:18,2
DA:19,2
DA:24,2
DA:25,0
DA:26,0
DA:27,0
DA:28,0
DA:29,0
DA:30,0
DA:31,0
DA:32,0
DA:33,0
DA:34,0
DA:36,0
DA:37,0
DA:41,0
DA:44,0
DA:47,0
DA:50,0
DA:53,0
DA:55,0
DA:63,2
DA:64,2
DA:69,2
DA:70,2
DA:75,2
DA:76,0
DA:77,0
DA:80,0
DA:82,0
DA:83,0
DA:84,0
DA:85,0
DA:88,0
DA:89,0
DA:91,0
DA:93,0
DA:96,0
DA:99,0
DA:102,0
DA:105,0
DA:107,0
DA:115,2
DA:116,2
DA:121,2
DA:122,2
DA:127,2
DA:128,0
DA:129,0
DA:130,0
DA:138,0
DA:139,0
DA:140,0
DA:141,0
DA:143,0
DA:145,0
DA:147,0
DA:152,0
DA:160,2
DA:161,2
DA:166,2
DA:167,2
DA:172,2
DA:173,0
DA:174,0
DA:177,0
DA:178,0
DA:179,0
DA:180,0
DA:182,0
DA:184,0
DA:186,0
DA:191,0
DA:199,2
DA:200,2
DA:205,2
DA:206,2
DA:211,2
DA:212,0
DA:214,0
DA:217,0
DA:218,0
DA:219,0
DA:220,0
DA:222,0
DA:224,0
DA:226,0
DA:231,0
LF:92
LH:27
BRDA:30,0,0,0
BRDA:30,0,1,0
BRDA:138,1,0,0
BRDA:138,1,1,0
BRDA:138,2,0,0
BRDA:138,2,1,0
BRDA:177,3,0,0
BRDA:177,3,1,0
BRDA:177,4,0,0
BRDA:177,4,1,0
BRDA:217,5,0,0
BRDA:217,5,1,0
BRDA:217,6,0,0
BRDA:217,6,1,0
BRF:14
BRH:0
end_of_record
TN:
SF:/Users/bvellek/Desktop/projects/lumen-spot-app/public/js/components/hero-nav.js
FN:6,HeroNav
FNF:1
FNH:1
FNDA:2,HeroNav
DA:7,2
LF:1
LH:1
BRF:0
BRH:0
end_of_record
TN:
SF:/Users/bvellek/Desktop/projects/lumen-spot-app/public/js/components/hero.js
FN:7,Hero
FNF:1
FNH:1
FNDA:1,Hero
DA:8,1
LF:1
LH:1
BRF:0
BRH:0
end_of_record
TN:
SF:/Users/bvellek/Desktop/projects/lumen-spot-app/public/js/components/info-about.js
FN:4,InfoAbout
FNF:1
FNH:1
FNDA:1,InfoAbout
DA:5,1
LF:1
LH:1
BRF:0
BRH:0
end_of_record
TN:
SF:/Users/bvellek/Desktop/projects/lumen-spot-app/public/js/components/info-light.js
FN:4,InfoLight
FNF:1
FNH:1
FNDA:1,InfoLight
DA:5,1
LF:1
LH:1
BRF:0
BRH:0
end_of_record
TN:
SF:/Users/bvellek/Desktop/projects/lumen-spot-app/public/js/components/info-what.js
FN:4,InfoWhat
FNF:1
FNH:1
FNDA:1,InfoWhat
DA:5,1
LF:1
LH:1
BRF:0
BRH:0
end_of_record
TN:
SF:/Users/bvellek/Desktop/projects/lumen-spot-app/public/js/components/landing-footer.js
FN:4,LandingFooter
FNF:1
FNH:1
FNDA:1,LandingFooter
DA:5,1
LF:1
LH:1
BRF:0
BRH:0
end_of_record
TN:
SF:/Users/bvellek/Desktop/projects/lumen-spot-app/public/js/components/landing-image-slider.js
FN:4,LandingImageSlider
FNF:1
FNH:1
FNDA:1,LandingImageSlider
DA:5,1
LF:1
LH:1
BRF:0
BRH:0
end_of_record
TN:
SF:/Users/bvellek/Desktop/projects/lumen-spot-app/public/js/components/search-link.js
FN:5,SearchLink
FNF:1
FNH:1
FNDA:2,SearchLink
DA:6,2
DA:11,2
LF:2
LH:2
BRF:0
BRH:0
end_of_record
TN:
SF:/Users/bvellek/Desktop/projects/lumen-spot-app/public/js/components/svg-logo.js
FN:4,SVGLogo
FNF:1
FNH:1
FNDA:1,SVGLogo
DA:5,1
LF:1
LH:1
BRF:0
BRH:0
end_of_record
TN:
SF:/Users/bvellek/Desktop/projects/lumen-spot-app/public/js/reducers/index.js
FN:14,(anonymous_0)
FNF:1
FNH:1
FNDA:12,(anonymous_0)
DA:3,1
DA:14,1
DA:15,12
DA:16,1
DA:17,1
DA:22,1
DA:23,11
DA:24,1
DA:25,1
DA:30,1
DA:31,10
DA:32,1
DA:33,1
DA:38,1
DA:39,9
DA:40,1
DA:41,1
DA:46,1
DA:47,8
DA:48,1
DA:49,1
DA:52,1
DA:53,7
DA:54,1
DA:55,1
DA:59,1
DA:60,6
DA:61,1
DA:62,1
DA:65,1
DA:66,5
DA:67,1
DA:68,1
DA:72,1
DA:73,4
DA:74,1
DA:75,1
DA:78,1
DA:79,3
DA:80,1
DA:81,1
DA:85,1
DA:86,2
DA:87,1
DA:91,1
DA:94,1
LF:46
LH:46
BRDA:14,0,0,1
BRDA:15,1,0,1
BRDA:15,1,1,11
BRDA:23,2,0,1
BRDA:23,2,1,10
BRDA:31,3,0,1
BRDA:31,3,1,9
BRDA:39,4,0,1
BRDA:39,4,1,8
BRDA:47,5,0,1
BRDA:47,5,1,7
BRDA:53,6,0,1
BRDA:53,6,1,6
BRDA:60,7,0,1
BRDA:60,7,1,5
BRDA:66,8,0,1
BRDA:66,8,1,4
BRDA:73,9,0,1
BRDA:73,9,1,3
BRDA:79,10,0,1
BRDA:79,10,1,2
BRDA:86,11,0,1
BRDA:86,11,1,1
BRF:23
BRH:23
end_of_record
